<?xml version="1.0" encoding="utf-8" standalone="no"?>
<!--This file represents the results of running a test suite-->
<test-results name="C:/Workspace/spekflowlerning/spekflowlerning/bin/Debug/net6.0/spekflowlerning.dll" total="6" errors="1" failures="2" not-run="0" inconclusive="0" ignored="0" skipped="0" invalid="0" date="2023-05-02" time="08:44:59">
  <environment nunit-version="3.6.0.0" clr-version="4.0.30319.42000" os-version="Microsoft Windows NT 6.2.9200.0" platform="Win32NT" cwd="C:\Workspace\spekflowlerning\spekflowlerning" machine-name="BERN-C8WWK63" user="soabdelwah" user-domain="KSTG" />
  <culture-info current-culture="de-DE" current-uiculture="de-DE" />
  <test-suite type="Assembly" name="C:/Workspace/spekflowlerning/spekflowlerning/bin/Debug/net6.0/spekflowlerning.dll" executed="True" result="Failure" success="False" time="133.180" asserts="2">
    <properties>
      <property name="_PID" value="23380" />
      <property name="_APPDOMAIN" value="nunit-agent" />
    </properties>
    <failure>
      <message><![CDATA[One or more child tests had errors]]></message>
      <stack-trace />
    </failure>
    <results>
      <test-suite type="SetUpFixture" name="[default namespace]" executed="True" result="Failure" success="False" time="133.176" asserts="2">
        <failure>
          <message><![CDATA[One or more child tests had errors]]></message>
          <stack-trace />
        </failure>
        <results>
          <test-suite type="TestSuite" name="spekflowlerning" executed="True" result="Failure" success="False" time="132.701" asserts="2">
            <failure>
              <message><![CDATA[One or more child tests had errors]]></message>
              <stack-trace />
            </failure>
            <results>
              <test-suite type="TestSuite" name="Features" executed="True" result="Failure" success="False" time="132.701" asserts="2">
                <failure>
                  <message><![CDATA[One or more child tests had errors]]></message>
                  <stack-trace />
                </failure>
                <results>
                  <test-suite type="TestFixture" name="_77OnlineshopFeature" description="77onlineshop" executed="True" result="Failure" success="False" time="132.701" asserts="2">
                    <categories>
                      <category name="firefox-77" />
                    </categories>
                    <properties>
                      <property name="Description" value="77onlineshop" />
                    </properties>
                    <failure>
                      <message><![CDATA[One or more child tests had errors]]></message>
                      <stack-trace />
                    </failure>
                    <results>
                      <test-case name="spekflowlerning.Features._77OnlineshopFeature.ClickAnmeldenWithoutIputAnData" description="click anmelden without iput an data" executed="True" result="Error" success="False" time="2.428" asserts="0">
                        <categories>
                          <category name="TcID_1380894" />
                        </categories>
                        <properties>
                          <property name="Description" value="click anmelden without iput an data" />
                        </properties>
                        <failure>
                          <message><![CDATA[OpenQA.Selenium.WebDriverException : Process unexpectedly closed with status 0
TearDown : System.NullReferenceException : Object reference not set to an instance of an object.]]></message>
                          <stack-trace><![CDATA[   at OpenQA.Selenium.WebDriver.UnpackAndThrowOnError(Response errorResponse, String commandToExecute)
   at OpenQA.Selenium.WebDriver.Execute(String driverCommandToExecute, Dictionary`2 parameters)
   at OpenQA.Selenium.WebDriver.StartSession(ICapabilities desiredCapabilities)
   at OpenQA.Selenium.WebDriver..ctor(ICommandExecutor executor, ICapabilities capabilities)
   at OpenQA.Selenium.Firefox.FirefoxDriver..ctor(FirefoxDriverService service, FirefoxOptions options, TimeSpan commandTimeout)
   at OpenQA.Selenium.Firefox.FirefoxDriver..ctor(FirefoxOptions options)
   at spekflowlerning.Session.BrowserSessionFixture.SetUpDriver() in C:\Workspace\spekflowlerning\spekflowlerning\Session\BrowserSessionFixture.cs:line 30
   at TechTalk.SpecFlow.Infrastructure.TestExecutionEngine.FireEvents(HookType hookType)
   at TechTalk.SpecFlow.Infrastructure.TestExecutionEngine.FireScenarioEvents(HookType bindingEvent)
   at TechTalk.SpecFlow.Infrastructure.TestExecutionEngine.OnScenarioStart()
   at TechTalk.SpecFlow.Infrastructure.TestExecutionEngine.OnAfterLastStep()
   at TechTalk.SpecFlow.TestRunner.CollectScenarioErrors()
   at spekflowlerning.Features._77OnlineshopFeature.ScenarioCleanup()
   at spekflowlerning.Features._77OnlineshopFeature.ClickAnmeldenWithoutIputAnData() in C:\Workspace\spekflowlerning\spekflowlerning\Features\77onlineshop.feature:line 34
--TearDown
   at spekflowlerning.Session.BrowserSessionFixture.TearDown() in C:\Workspace\spekflowlerning\spekflowlerning\Session\BrowserSessionFixture.cs:line 63
   at TechTalk.SpecFlow.Infrastructure.TestExecutionEngine.FireEvents(HookType hookType)
   at TechTalk.SpecFlow.Infrastructure.TestExecutionEngine.FireScenarioEvents(HookType bindingEvent)
   at TechTalk.SpecFlow.Infrastructure.TestExecutionEngine.OnScenarioEnd()
   at TechTalk.SpecFlow.TestRunner.OnScenarioEnd()
   at spekflowlerning.Features._77OnlineshopFeature.TestTearDown()]]></stack-trace>
                        </failure>
                      </test-case>
                      <test-case name="spekflowlerning.Features._77OnlineshopFeature.ClickRadioButtonOnLogInPage" description="click radio Button on log in page" executed="True" result="Failure" success="False" time="53.181" asserts="1">
                        <categories>
                          <category name="TcID_1359215" />
                        </categories>
                        <properties>
                          <property name="Description" value="click radio Button on log in page" />
                        </properties>
                        <failure>
                          <message><![CDATA[  Expected: True
  But was:  False
]]></message>
                          <stack-trace><![CDATA[   at spekflowlerning.StepDefinitions._77OnlineshopStepDefinitions.ThenICanSeeTextboxesOfSingUp() in C:\Workspace\spekflowlerning\spekflowlerning\StepDefinitions\_77OnlineshopStepDefinitions.cs:line 88
   at TechTalk.SpecFlow.Bindings.BindingInvoker.InvokeBinding(IBinding binding, IContextManager contextManager, Object[] arguments, ITestTracer testTracer, TimeSpan& duration)
   at TechTalk.SpecFlow.Infrastructure.TestExecutionEngine.ExecuteStepMatch(BindingMatch match, Object[] arguments, TimeSpan& duration)
   at TechTalk.SpecFlow.Infrastructure.TestExecutionEngine.ExecuteStep(IContextManager contextManager, StepInstance stepInstance)
   at TechTalk.SpecFlow.Infrastructure.TestExecutionEngine.OnAfterLastStep()
   at TechTalk.SpecFlow.TestRunner.CollectScenarioErrors()
   at spekflowlerning.Features._77OnlineshopFeature.ScenarioCleanup()
   at spekflowlerning.Features._77OnlineshopFeature.ClickRadioButtonOnLogInPage() in C:\Workspace\spekflowlerning\spekflowlerning\Features\77onlineshop.feature:line 27
]]></stack-trace>
                        </failure>
                      </test-case>
                      <test-case name="spekflowlerning.Features._77OnlineshopFeature.EnterAnRightEmailAdress" description="enter an right email adress" executed="True" result="Success" success="True" time="28.405" asserts="0">
                        <categories>
                          <category name="TcID_1380896" />
                        </categories>
                        <properties>
                          <property name="Description" value="enter an right email adress" />
                        </properties>
                      </test-case>
                      <test-case name="spekflowlerning.Features._77OnlineshopFeature.OpenKidsPage" description="open kids page" executed="True" result="Success" success="True" time="19.815" asserts="0">
                        <categories>
                          <category name="TcID_1359213" />
                        </categories>
                        <properties>
                          <property name="Description" value="open kids page" />
                        </properties>
                      </test-case>
                      <test-case name="spekflowlerning.Features._77OnlineshopFeature.OpenLoginPage" description="open login Page" executed="True" result="Failure" success="False" time="17.134" asserts="1">
                        <categories>
                          <category name="TcID_1359214" />
                        </categories>
                        <properties>
                          <property name="Description" value="open login Page" />
                        </properties>
                        <failure>
                          <message><![CDATA[  Expected: True
  But was:  False
]]></message>
                          <stack-trace><![CDATA[   at spekflowlerning.StepDefinitions._77OnlineshopStepDefinitions.ThenLoginPageIsOpend() in C:\Workspace\spekflowlerning\spekflowlerning\StepDefinitions\_77OnlineshopStepDefinitions.cs:line 73
   at TechTalk.SpecFlow.Bindings.BindingInvoker.InvokeBinding(IBinding binding, IContextManager contextManager, Object[] arguments, ITestTracer testTracer, TimeSpan& duration)
   at TechTalk.SpecFlow.Infrastructure.TestExecutionEngine.ExecuteStepMatch(BindingMatch match, Object[] arguments, TimeSpan& duration)
   at TechTalk.SpecFlow.Infrastructure.TestExecutionEngine.ExecuteStep(IContextManager contextManager, StepInstance stepInstance)
   at TechTalk.SpecFlow.Infrastructure.TestExecutionEngine.OnAfterLastStep()
   at TechTalk.SpecFlow.TestRunner.CollectScenarioErrors()
   at spekflowlerning.Features._77OnlineshopFeature.ScenarioCleanup()
   at spekflowlerning.Features._77OnlineshopFeature.OpenLoginPage() in C:\Workspace\spekflowlerning\spekflowlerning\Features\77onlineshop.feature:line 21
]]></stack-trace>
                        </failure>
                      </test-case>
                      <test-case name="spekflowlerning.Features._77OnlineshopFeature.OpenTheWebsite" description="open the website" executed="True" result="Success" success="True" time="11.729" asserts="0">
                        <categories>
                          <category name="TcID_1359212" />
                        </categories>
                        <properties>
                          <property name="Description" value="open the website" />
                        </properties>
                      </test-case>
                    </results>
                  </test-suite>
                </results>
              </test-suite>
            </results>
          </test-suite>
        </results>
      </test-suite>
    </results>
  </test-suite>
</test-results>